d:\data\program\repos\schrac\src\debug\ci_string.obj
d:\data\program\repos\schrac\src\debug\data.obj
d:\data\program\repos\schrac\src\debug\diffsolver.obj
d:\data\program\repos\schrac\src\debug\diffdata.obj
d:\data\program\repos\schrac\src\debug\diracnormalize.obj
d:\data\program\repos\schrac\src\debug\eigenvaluesearch.obj
d:\data\program\repos\schrac\src\debug\energy.obj
d:\data\program\repos\schrac\src\debug\getcomlineoption.obj
d:\data\program\repos\schrac\src\debug\normalization.obj
d:\data\program\repos\schrac\src\debug\readinputfile.obj
d:\data\program\repos\schrac\src\debug\rho.obj
d:\data\program\repos\schrac\src\debug\scfloop.obj
d:\data\program\repos\schrac\src\debug\schnormalize.obj
d:\data\program\repos\schrac\src\debug\schracmain.obj
d:\data\program\repos\schrac\src\debug\simpson.obj
d:\data\program\repos\schrac\src\debug\vhartree.obj
d:\data\program\repos\schrac\src\debug\wavefunctionsave.obj
d:\data\program\repos\schrac\src\debug\vc120.pdb
d:\data\program\repos\schrac\src\debug\schrac.exe.manifest
d:\data\program\repos\schrac\src\debug\schrac.pdb
d:\data\program\repos\schrac\src\debug\schrac.tlog\icl-mcpcom.read.1.tlog
d:\data\program\repos\schrac\src\debug\schrac.tlog\icl-mcpcom.write.1.tlog
d:\data\program\repos\schrac\src\debug\schrac.tlog\icl.command.1.tlog
d:\data\program\repos\schrac\src\debug\schrac.tlog\icl.read.1.tlog
d:\data\program\repos\schrac\src\debug\schrac.tlog\icl.write.1.tlog
d:\data\program\repos\schrac\src\debug\schrac.tlog\xilink-link.read.1.tlog
d:\data\program\repos\schrac\src\debug\schrac.tlog\xilink-link.write.1.tlog
d:\data\program\repos\schrac\src\debug\schrac.tlog\xilink-mcpcom.read.1.tlog
d:\data\program\repos\schrac\src\debug\schrac.tlog\xilink-mcpcom.write.1.tlog
d:\data\program\repos\schrac\src\debug\schrac.tlog\xilink.command.1.tlog
d:\data\program\repos\schrac\src\debug\schrac.tlog\xilink.read.1.tlog
d:\data\program\repos\schrac\src\debug\schrac.tlog\xilink.write.1.tlog
