2015/02/14 21:24:51 にビルドを開始しました。
     1>ノード 2 上のプロジェクト "D:\DATA\PROGRAM\Repos\schrac\src\schrac.vcxproj" (Build ターゲット)。
     1>ClCompile:
         C:\Program Files (x86)\Intel\Composer XE 2015\bin\ia32\icl.exe /c /Qvc12 /Qlocation,link,"C:\Program Files (x86)\Microsoft Visual Studio 12.0\VC\bin" /ZI /nologo /W3 /Od /Qftz- /D __INTEL_COMPILER=1500 /D _MBCS /EHsc /RTC1 /MTd /GS /Zc:wchar_t /Zc:forScope /Qstd=c++11 /Fo"Debug\\" /Fd"Debug\vc120.pdb" /Gd /TP vhartree.cpp
         vhartree.cpp
       Link:
         C:\Program Files (x86)\Intel\Composer XE 2015\bin\ia32\xilink.exe /OUT:"D:\DATA\PROGRAM\Repos\schrac\src\Debug\schrac.exe" /INCREMENTAL /NOLOGO /LIBPATH:C:\mylib64\boost_1_57_0\stage\ia32\icl15\lib gsl.lib cblas.lib kernel32.lib user32.lib gdi32.lib winspool.lib comdlg32.lib advapi32.lib shell32.lib ole32.lib oleaut32.lib uuid.lib odbc32.lib odbccp32.lib /MANIFEST /MANIFESTUAC:"level='asInvoker' uiAccess='false'" /DEBUG /PDB:"D:\DATA\PROGRAM\Repos\schrac\src\Debug\schrac.pdb" /TLBID:1 /DYNAMICBASE /NXCOMPAT /IMPLIB:"D:\DATA\PROGRAM\Repos\schrac\src\Debug\schrac.lib" /MACHINE:X86 Debug\ci_string.obj
         Debug\data.obj
         Debug\diffsolver.obj
         Debug\diffdata.obj
         Debug\diracnormalize.obj
         Debug\eigenvaluesearch.obj
         Debug\energy.obj
         Debug\getcomlineoption.obj
         Debug\normalization.obj
         Debug\readinputfile.obj
         Debug\rho.obj
         Debug\scfloop.obj
         Debug\schnormalize.obj
         Debug\schracmain.obj
         Debug\simpson.obj
         Debug\vhartree.obj
         Debug\wavefunctionsave.obj
         xilink: executing 'link'
     1>プロジェクト "D:\DATA\PROGRAM\Repos\schrac\src\schrac.vcxproj" (Build ターゲット) のビルドが完了しました。

ビルドに成功しました。

経過時間 00:00:01.71
