D:\DATA\PROGRAM\C++\HYDROSCHDIRAC\HYDROSCHDIRAC\X64\RELEASE\ADAPSTEPHELPER.OBJ
D:\DATA\PROGRAM\C++\HYDROSCHDIRAC\HYDROSCHDIRAC\X64\RELEASE\ADAPTIVE_STEP.OBJ
D:\DATA\PROGRAM\C++\HYDROSCHDIRAC\HYDROSCHDIRAC\X64\RELEASE\BULIRSCH_STOER.OBJ
D:\DATA\PROGRAM\C++\HYDROSCHDIRAC\HYDROSCHDIRAC\X64\RELEASE\CI_STRING.OBJ
D:\DATA\PROGRAM\C++\HydroSchDirac\HydroSchDirac\x64\Release\cl.command.1.tlog
D:\DATA\PROGRAM\C++\HydroSchDirac\HydroSchDirac\x64\Release\CL.read.1.tlog
D:\DATA\PROGRAM\C++\HydroSchDirac\HydroSchDirac\x64\Release\CL.write.1.tlog
D:\DATA\PROGRAM\C++\HYDROSCHDIRAC\HYDROSCHDIRAC\X64\RELEASE\DATA.OBJ
D:\DATA\PROGRAM\C++\HYDROSCHDIRAC\HYDROSCHDIRAC\X64\RELEASE\DIFF.OBJ
D:\DATA\PROGRAM\C++\HYDROSCHDIRAC\HYDROSCHDIRAC\X64\RELEASE\DIFFDATA.OBJ
D:\DATA\PROGRAM\C++\HYDROSCHDIRAC\HYDROSCHDIRAC\X64\RELEASE\EIGENVALUESEARCH.OBJ
D:\DATA\PROGRAM\C++\HYDROSCHDIRAC\HYDROSCHDIRAC\X64\RELEASE\HYDROSCHDIRAC.EXE.INTERMEDIATE.MANIFEST
D:\DATA\PROGRAM\C++\HYDROSCHDIRAC\HYDROSCHDIRAC\X64\RELEASE\HYDROSCHDIRACMAIN.OBJ
D:\DATA\PROGRAM\C++\HydroSchDirac\HydroSchDirac\x64\Release\link.command.1.tlog
D:\DATA\PROGRAM\C++\HydroSchDirac\HydroSchDirac\x64\Release\link.read.1.tlog
D:\DATA\PROGRAM\C++\HydroSchDirac\HydroSchDirac\x64\Release\link.write.1.tlog
D:\DATA\PROGRAM\C++\HYDROSCHDIRAC\HYDROSCHDIRAC\X64\RELEASE\MODEULER.OBJ
D:\DATA\PROGRAM\C++\HydroSchDirac\HydroSchDirac\x64\Release\mt.command.1.tlog
D:\DATA\PROGRAM\C++\HydroSchDirac\HydroSchDirac\x64\Release\mt.read.1.tlog
D:\DATA\PROGRAM\C++\HydroSchDirac\HydroSchDirac\x64\Release\mt.write.1.tlog
D:\DATA\PROGRAM\C++\HYDROSCHDIRAC\HYDROSCHDIRAC\X64\RELEASE\MY_GETOPT.OBJ
D:\DATA\PROGRAM\C++\HYDROSCHDIRAC\HYDROSCHDIRAC\X64\RELEASE\READINPFILE.OBJ
D:\DATA\PROGRAM\C++\HYDROSCHDIRAC\HYDROSCHDIRAC\X64\RELEASE\RK_ADAPSTEP.OBJ
D:\DATA\PROGRAM\C++\HYDROSCHDIRAC\HYDROSCHDIRAC\X64\RELEASE\RUNGEKUTTA.OBJ
D:\DATA\PROGRAM\C++\HYDROSCHDIRAC\HYDROSCHDIRAC\X64\RELEASE\VC100.PDB
D:\DATA\PROGRAM\C++\HYDROSCHDIRAC\HYDROSCHDIRAC\X64\RELEASE\WF_NORMALIZE.OBJ
D:\DATA\PROGRAM\C++\HYDROSCHDIRAC\HYDROSCHDIRAC\X64\RELEASE\WF_SAVE.OBJ
D:\DATA\PROGRAM\C++\HYDROSCHDIRAC\X64\RELEASE\HYDROSCHDIRAC.EXE
D:\DATA\PROGRAM\C++\HYDROSCHDIRAC\X64\RELEASE\HYDROSCHDIRAC.PDB
