2012/02/19 19:20:11 にビルドを開始しました。
     1>ノード 2 上のプロジェクト "D:\DATA\PROGRAM\C++\HydroSchDirac\HydroSchDirac\HydroSchDirac.vcxproj" (build ターゲット)。
     1>InitializeBuildStatus:
         "AlwaysCreate" が指定されたため "x64\Release\HydroSchDirac.unsuccessfulbuild" を作成しています。
       ClCompile:
         C:\Program Files (x86)\Microsoft Visual Studio 10.0\VC\bin\x86_amd64\CL.exe /c /ID:\DATA\PROGRAM\C++\HydroSchDirac\CheckPoint /Zi /nologo /W3 /WX- /Ox /Ob1 /Oi /Ot /Oy /GT /GL /D WIN32 /D NDEBUG /D _CONSOLE /D _UNICODE /D UNICODE /Gm- /EHsc /MT /GS /Gy /fp:fast /Zc:wchar_t /Zc:forScope /openmp /Fo"x64\Release\\" /Fd"x64\Release\vc100.pdb" /Gd /TP /errorReport:prompt Bulirsch_Stoer.cpp
         Bulirsch_Stoer.cpp
       Link:
         C:\Program Files (x86)\Microsoft Visual Studio 10.0\VC\bin\x86_amd64\link.exe /ERRORREPORT:PROMPT /OUT:"D:\DATA\PROGRAM\C++\HydroSchDirac\x64\Release\HydroSchDirac.exe" /INCREMENTAL:NO /NOLOGO /LIBPATH:D:\DATA\PROGRAM\C++\HydroSchDirac\x64\Release CheckPoint.lib kernel32.lib user32.lib gdi32.lib winspool.lib comdlg32.lib advapi32.lib shell32.lib ole32.lib oleaut32.lib uuid.lib odbc32.lib odbccp32.lib /MANIFEST /ManifestFile:"x64\Release\HydroSchDirac.exe.intermediate.manifest" /MANIFESTUAC:"level='asInvoker' uiAccess='false'" /DEBUG /PDB:"D:\DATA\PROGRAM\C++\HydroSchDirac\x64\Release\HydroSchDirac.pdb" /SUBSYSTEM:CONSOLE /OPT:REF /OPT:ICF /LTCG /TLBID:1 /DYNAMICBASE /NXCOMPAT /IMPLIB:"D:\DATA\PROGRAM\C++\HydroSchDirac\x64\Release\HydroSchDirac.lib" /MACHINE:X64 x64\Release\AdapStepHelper.obj
         x64\Release\Adaptive_Step.obj
         x64\Release\Bulirsch_Stoer.obj
         x64\Release\ci_string.obj
         x64\Release\Data.obj
         x64\Release\Diff.obj
         x64\Release\DiffData.obj
         x64\Release\EigenValueSearch.obj
         x64\Release\HydroSchDiracMain.obj
         x64\Release\ModEuler.obj
         x64\Release\My_getopt.obj
         x64\Release\ReadInpFile.obj
         x64\Release\RK_AdapStep.obj
         x64\Release\RungeKutta.obj
         x64\Release\WF_Normalize.obj
         x64\Release\WF_Save.obj
         コード生成しています。
         コード生成が終了しました。
         HydroSchDirac.vcxproj -> D:\DATA\PROGRAM\C++\HydroSchDirac\x64\Release\HydroSchDirac.exe
       Manifest:
         C:\Program Files (x86)\Microsoft SDKs\Windows\v7.0A\bin\mt.exe /nologo /verbose /outputresource:"D:\DATA\PROGRAM\C++\HydroSchDirac\x64\Release\HydroSchDirac.exe;#1" /manifest x64\Release\HydroSchDirac.exe.intermediate.manifest
       FinalizeBuildStatus:
         ファイル "x64\Release\HydroSchDirac.unsuccessfulbuild" を削除しています。
         "x64\Release\HydroSchDirac.lastbuildstate" のタッチ タスクを実行しています。
     1>プロジェクト "D:\DATA\PROGRAM\C++\HydroSchDirac\HydroSchDirac\HydroSchDirac.vcxproj" (build ターゲット) のビルドが完了しました。

ビルドに成功しました。

経過時間 00:00:06.74
