d:\data\program\repos\schrac\src\release\ci_string.obj
d:\data\program\repos\schrac\src\release\data.obj
d:\data\program\repos\schrac\src\release\diffsolver.obj
d:\data\program\repos\schrac\src\release\diffdata.obj
d:\data\program\repos\schrac\src\release\diracnormalize.obj
d:\data\program\repos\schrac\src\release\eigenvaluesearch.obj
d:\data\program\repos\schrac\src\release\energy.obj
d:\data\program\repos\schrac\src\release\getcomlineoption.obj
d:\data\program\repos\schrac\src\release\normalization.obj
d:\data\program\repos\schrac\src\release\readinputfile.obj
d:\data\program\repos\schrac\src\release\scfloop.obj
d:\data\program\repos\schrac\src\release\schnormalize.obj
d:\data\program\repos\schrac\src\release\schracmain.obj
d:\data\program\repos\schrac\src\release\simpson.obj
d:\data\program\repos\schrac\src\release\vhartree.obj
d:\data\program\repos\schrac\src\release\wavefunctionsave.obj
d:\data\program\repos\schrac\src\release\schrac.exe
d:\data\program\repos\schrac\src\release\schrac.exe.manifest
d:\data\program\repos\schrac\src\release\schrac.pdb
d:\data\program\repos\schrac\src\release\schrac.tlog\icl-mcpcom.read.1.tlog
d:\data\program\repos\schrac\src\release\schrac.tlog\icl-mcpcom.write.1.tlog
d:\data\program\repos\schrac\src\release\schrac.tlog\icl.command.1.tlog
d:\data\program\repos\schrac\src\release\schrac.tlog\icl.read.1.tlog
d:\data\program\repos\schrac\src\release\schrac.tlog\icl.write.1.tlog
d:\data\program\repos\schrac\src\release\schrac.tlog\xilink-link.read.1.tlog
d:\data\program\repos\schrac\src\release\schrac.tlog\xilink-link.write.1.tlog
d:\data\program\repos\schrac\src\release\schrac.tlog\xilink-mcpcom.read.1.tlog
d:\data\program\repos\schrac\src\release\schrac.tlog\xilink-mcpcom.write.1.tlog
d:\data\program\repos\schrac\src\release\schrac.tlog\xilink.command.1.tlog
d:\data\program\repos\schrac\src\release\schrac.tlog\xilink.read.1.tlog
d:\data\program\repos\schrac\src\release\schrac.tlog\xilink.write.1.tlog
